TN:
SF:src\app\App.css
FNF:0
FNH:0
LF:0
LH:0
BRF:0
BRH:0
end_of_record
TN:
SF:src\app\App.tsx
FN:32,(anonymous_0)
FN:39,(anonymous_1)
FN:47,(anonymous_2)
FN:55,(anonymous_3)
FN:64,(anonymous_4)
FN:72,(anonymous_5)
FN:79,(anonymous_6)
FN:114,debounce
FN:116,(anonymous_8)
FN:118,(anonymous_9)
FN:123,(anonymous_10)
FN:125,(anonymous_11)
FN:125,(anonymous_12)
FN:130,(anonymous_13)
FN:139,(anonymous_14)
FN:140,(anonymous_15)
FN:152,(anonymous_16)
FN:170,(anonymous_17)
FN:171,(anonymous_18)
FN:172,(anonymous_19)
FN:179,(anonymous_20)
FN:193,(anonymous_21)
FN:196,(anonymous_22)
FN:199,(anonymous_23)
FN:204,(anonymous_24)
FN:219,App
FN:253,(anonymous_26)
FN:254,(anonymous_27)
FN:274,(anonymous_28)
FN:277,(anonymous_29)
FN:281,(anonymous_30)
FN:294,(anonymous_31)
FN:297,(anonymous_32)
FN:301,(anonymous_33)
FN:309,(anonymous_34)
FN:339,(anonymous_35)
FN:345,(anonymous_36)
FN:346,(anonymous_37)
FN:353,(anonymous_38)
FN:354,(anonymous_39)
FN:370,(anonymous_40)
FN:373,(anonymous_41)
FN:379,(anonymous_42)
FN:402,(anonymous_43)
FN:402,(anonymous_44)
FN:415,(anonymous_45)
FN:418,(anonymous_46)
FN:420,(anonymous_47)
FN:422,(anonymous_48)
FN:424,(anonymous_49)
FN:425,(anonymous_50)
FN:426,(anonymous_51)
FN:436,(anonymous_52)
FN:449,(anonymous_53)
FN:454,(anonymous_54)
FN:454,(anonymous_55)
FN:474,(anonymous_56)
FN:480,(anonymous_57)
FN:481,(anonymous_58)
FN:485,(anonymous_59)
FN:488,(anonymous_60)
FN:492,(anonymous_61)
FN:501,(anonymous_62)
FN:501,(anonymous_63)
FN:567,(anonymous_64)
FN:610,(anonymous_65)
FN:614,(anonymous_66)
FN:628,(anonymous_67)
FN:631,(anonymous_68)
FN:645,(anonymous_69)
FN:655,(anonymous_70)
FN:661,(anonymous_71)
FN:668,(anonymous_72)
FN:684,(anonymous_73)
FN:687,(anonymous_74)
FN:709,(anonymous_75)
FN:718,(anonymous_76)
FN:726,(anonymous_77)
FN:734,(anonymous_78)
FN:740,(anonymous_79)
FN:744,(anonymous_80)
FN:756,(anonymous_81)
FN:787,(anonymous_82)
FN:797,(anonymous_83)
FN:820,(anonymous_84)
FN:846,(anonymous_85)
FN:852,(anonymous_86)
FN:853,(anonymous_87)
FNF:88
FNH:37
FNDA:2,(anonymous_0)
FNDA:2,(anonymous_1)
FNDA:2,(anonymous_2)
FNDA:2,(anonymous_3)
FNDA:2,(anonymous_4)
FNDA:2,(anonymous_5)
FNDA:0,(anonymous_6)
FNDA:2,debounce
FNDA:0,(anonymous_8)
FNDA:0,(anonymous_9)
FNDA:2,(anonymous_10)
FNDA:2,(anonymous_11)
FNDA:0,(anonymous_12)
FNDA:0,(anonymous_13)
FNDA:0,(anonymous_14)
FNDA:0,(anonymous_15)
FNDA:0,(anonymous_16)
FNDA:2,(anonymous_17)
FNDA:2,(anonymous_18)
FNDA:0,(anonymous_19)
FNDA:0,(anonymous_20)
FNDA:2,(anonymous_21)
FNDA:2,(anonymous_22)
FNDA:0,(anonymous_23)
FNDA:0,(anonymous_24)
FNDA:42,App
FNDA:2,(anonymous_26)
FNDA:2,(anonymous_27)
FNDA:31,(anonymous_28)
FNDA:2,(anonymous_29)
FNDA:0,(anonymous_30)
FNDA:31,(anonymous_31)
FNDA:0,(anonymous_32)
FNDA:0,(anonymous_33)
FNDA:0,(anonymous_34)
FNDA:0,(anonymous_35)
FNDA:4,(anonymous_36)
FNDA:0,(anonymous_37)
FNDA:4,(anonymous_38)
FNDA:29,(anonymous_39)
FNDA:4,(anonymous_40)
FNDA:2,(anonymous_41)
FNDA:2,(anonymous_42)
FNDA:1,(anonymous_43)
FNDA:1,(anonymous_44)
FNDA:0,(anonymous_45)
FNDA:0,(anonymous_46)
FNDA:0,(anonymous_47)
FNDA:0,(anonymous_48)
FNDA:0,(anonymous_49)
FNDA:0,(anonymous_50)
FNDA:0,(anonymous_51)
FNDA:0,(anonymous_52)
FNDA:0,(anonymous_53)
FNDA:0,(anonymous_54)
FNDA:0,(anonymous_55)
FNDA:0,(anonymous_56)
FNDA:0,(anonymous_57)
FNDA:0,(anonymous_58)
FNDA:0,(anonymous_59)
FNDA:168,(anonymous_60)
FNDA:0,(anonymous_61)
FNDA:0,(anonymous_62)
FNDA:0,(anonymous_63)
FNDA:1,(anonymous_64)
FNDA:126,(anonymous_65)
FNDA:0,(anonymous_66)
FNDA:0,(anonymous_67)
FNDA:210,(anonymous_68)
FNDA:0,(anonymous_69)
FNDA:0,(anonymous_70)
FNDA:0,(anonymous_71)
FNDA:0,(anonymous_72)
FNDA:0,(anonymous_73)
FNDA:0,(anonymous_74)
FNDA:11,(anonymous_75)
FNDA:11,(anonymous_76)
FNDA:2,(anonymous_77)
FNDA:5,(anonymous_78)
FNDA:0,(anonymous_79)
FNDA:0,(anonymous_80)
FNDA:1,(anonymous_81)
FNDA:1,(anonymous_82)
FNDA:0,(anonymous_83)
FNDA:0,(anonymous_84)
FNDA:0,(anonymous_85)
FNDA:0,(anonymous_86)
FNDA:0,(anonymous_87)
DA:13,1
DA:32,1
DA:33,2
DA:37,1
DA:39,1
DA:40,2
DA:45,1
DA:47,1
DA:48,2
DA:53,1
DA:55,1
DA:56,2
DA:62,1
DA:64,1
DA:65,2
DA:70,1
DA:72,1
DA:73,2
DA:77,1
DA:79,1
DA:80,0
DA:88,1
DA:91,1
DA:92,1
DA:93,1
DA:94,1
DA:95,1
DA:97,1
DA:98,1
DA:106,1
DA:116,2
DA:117,0
DA:118,0
DA:123,1
DA:124,2
DA:125,2
DA:129,2
DA:131,0
DA:134,2
DA:136,1
DA:139,1
DA:140,0
DA:141,0
DA:142,0
DA:143,0
DA:144,0
DA:145,0
DA:150,0
DA:153,0
DA:167,1
DA:170,1
DA:171,2
DA:172,2
DA:173,0
DA:174,0
DA:175,0
DA:177,2
DA:180,0
DA:190,1
DA:193,1
DA:194,2
DA:196,2
DA:197,2
DA:198,0
DA:200,0
DA:201,0
DA:202,0
DA:205,0
DA:207,0
DA:211,2
DA:215,2
DA:217,1
DA:220,42
DA:221,42
DA:222,42
DA:223,42
DA:224,42
DA:225,42
DA:226,42
DA:227,42
DA:228,42
DA:229,42
DA:230,42
DA:231,42
DA:234,42
DA:235,42
DA:236,42
DA:237,42
DA:238,42
DA:239,42
DA:240,42
DA:241,42
DA:242,42
DA:243,42
DA:244,42
DA:245,42
DA:246,42
DA:247,42
DA:248,42
DA:249,42
DA:253,42
DA:254,2
DA:255,2
DA:256,2
DA:257,2
DA:258,2
DA:259,2
DA:260,2
DA:261,2
DA:263,0
DA:264,0
DA:265,0
DA:267,2
DA:271,2
DA:274,42
DA:275,31
DA:276,31
DA:277,31
DA:278,2
DA:279,2
DA:280,0
DA:281,0
DA:282,0
DA:283,0
DA:285,2
DA:286,2
DA:287,2
DA:288,2
DA:294,31
DA:297,42
DA:298,0
DA:299,0
DA:300,0
DA:301,0
DA:302,0
DA:303,0
DA:304,0
DA:305,0
DA:309,42
DA:310,0
DA:312,0
DA:313,0
DA:314,0
DA:315,0
DA:317,0
DA:323,0
DA:324,0
DA:325,0
DA:326,0
DA:327,0
DA:328,0
DA:329,0
DA:331,0
DA:332,0
DA:333,0
DA:335,0
DA:339,42
DA:340,0
DA:341,0
DA:345,42
DA:346,4
DA:347,0
DA:348,0
DA:353,42
DA:354,4
DA:355,29
DA:356,0
DA:358,29
DA:359,0
DA:361,29
DA:362,0
DA:364,29
DA:365,0
DA:369,4
DA:370,4
DA:373,42
DA:374,2
DA:375,2
DA:376,2
DA:379,42
DA:380,2
DA:381,2
DA:382,2
DA:385,42
DA:402,1
DA:416,0
DA:417,0
DA:418,0
DA:419,0
DA:420,0
DA:422,0
DA:424,0
DA:425,0
DA:426,0
DA:427,0
DA:428,0
DA:429,0
DA:430,0
DA:431,0
DA:432,0
DA:433,0
DA:434,0
DA:435,0
DA:436,0
DA:437,0
DA:438,0
DA:439,0
DA:440,0
DA:441,0
DA:442,0
DA:450,0
DA:451,0
DA:454,0
DA:457,0
DA:458,0
DA:459,0
DA:460,0
DA:474,0
DA:480,0
DA:481,0
DA:485,0
DA:489,168
DA:492,0
DA:501,0
DA:567,1
DA:611,126
DA:614,0
DA:628,0
DA:632,210
DA:645,0
DA:655,0
DA:662,0
DA:663,0
DA:664,0
DA:665,0
DA:666,0
DA:667,0
DA:668,0
DA:669,0
DA:670,0
DA:671,0
DA:672,0
DA:685,0
DA:686,0
DA:688,0
DA:689,0
DA:690,0
DA:691,0
DA:709,11
DA:718,11
DA:726,2
DA:734,5
DA:741,0
DA:745,0
DA:746,0
DA:747,0
DA:748,0
DA:757,1
DA:758,1
DA:759,1
DA:760,1
DA:761,1
DA:762,1
DA:763,1
DA:764,1
DA:765,1
DA:766,1
DA:768,0
DA:788,1
DA:789,1
DA:790,1
DA:798,0
DA:799,0
DA:800,0
DA:801,0
DA:820,0
DA:846,0
DA:852,0
DA:853,0
LF:279
LH:144
BRDA:95,0,0,0
BRDA:95,0,1,1
BRDA:143,1,0,0
BRDA:143,1,1,0
BRDA:144,2,0,0
BRDA:144,2,1,0
BRDA:173,3,0,0
BRDA:173,3,1,0
BRDA:174,4,0,0
BRDA:174,4,1,0
BRDA:197,5,0,0
BRDA:197,5,1,2
BRDA:279,6,0,0
BRDA:279,6,1,2
BRDA:280,7,0,0
BRDA:280,7,1,0
BRDA:282,8,0,0
BRDA:282,8,1,0
BRDA:286,9,0,2
BRDA:286,9,1,0
BRDA:310,10,0,0
BRDA:310,10,1,0
BRDA:321,11,0,0
BRDA:321,11,1,0
BRDA:355,12,0,0
BRDA:355,12,1,29
BRDA:355,13,0,29
BRDA:355,13,1,0
BRDA:358,14,0,0
BRDA:358,14,1,29
BRDA:358,15,0,29
BRDA:358,15,1,0
BRDA:361,16,0,0
BRDA:361,16,1,29
BRDA:361,17,0,29
BRDA:361,17,1,0
BRDA:364,18,0,0
BRDA:364,18,1,29
BRDA:364,19,0,29
BRDA:364,19,1,0
BRDA:375,20,0,0
BRDA:375,20,1,2
BRDA:375,21,0,2
BRDA:375,21,1,0
BRDA:375,21,2,0
BRDA:375,21,3,0
BRDA:381,22,0,0
BRDA:381,22,1,2
BRDA:381,23,0,2
BRDA:381,23,1,0
BRDA:381,23,2,0
BRDA:381,23,3,0
BRDA:393,24,0,42
BRDA:393,24,1,42
BRDA:393,25,0,42
BRDA:393,25,1,42
BRDA:409,26,0,42
BRDA:409,26,1,0
BRDA:424,27,0,0
BRDA:424,27,1,0
BRDA:425,28,0,0
BRDA:425,28,1,0
BRDA:426,29,0,0
BRDA:426,29,1,0
BRDA:470,30,0,1
BRDA:470,30,1,41
BRDA:471,31,0,1
BRDA:471,31,1,41
BRDA:477,32,0,42
BRDA:477,32,1,0
BRDA:485,33,0,42
BRDA:485,33,1,1
BRDA:491,34,0,42
BRDA:491,34,1,126
BRDA:500,35,0,42
BRDA:500,35,1,0
BRDA:510,36,0,4
BRDA:510,36,1,38
BRDA:524,37,0,38
BRDA:524,37,1,38
BRDA:530,38,0,38
BRDA:530,38,1,0
BRDA:531,39,0,38
BRDA:531,39,1,1
BRDA:534,40,0,38
BRDA:534,40,1,1
BRDA:534,40,2,1
BRDA:564,41,0,42
BRDA:564,41,1,9
BRDA:576,42,0,42
BRDA:576,42,1,33
BRDA:578,43,0,33
BRDA:578,43,1,9
BRDA:595,44,0,42
BRDA:595,44,1,0
BRDA:602,45,0,1
BRDA:602,45,1,41
BRDA:613,46,0,42
BRDA:613,46,1,84
BRDA:649,47,0,42
BRDA:649,47,1,0
BRDA:659,48,0,42
BRDA:659,48,1,0
BRDA:664,49,0,0
BRDA:664,49,1,0
BRDA:664,50,0,0
BRDA:664,50,1,0
BRDA:677,51,0,42
BRDA:677,51,1,42
BRDA:677,52,0,42
BRDA:677,52,1,42
BRDA:677,53,0,42
BRDA:677,53,1,0
BRDA:685,54,0,0
BRDA:685,54,1,0
BRDA:759,55,0,1
BRDA:759,55,1,0
BRDA:783,56,0,42
BRDA:783,56,1,0
BRDA:784,57,0,42
BRDA:784,57,1,42
BRDA:784,57,2,41
BRDA:787,58,0,42
BRDA:787,58,1,42
BRDA:788,59,0,1
BRDA:788,59,1,0
BRDA:788,59,2,0
BRDA:788,59,3,0
BRDA:789,60,0,1
BRDA:789,60,1,0
BRDA:789,60,2,0
BRDA:832,61,0,42
BRDA:832,61,1,1
BRDA:835,62,0,0
BRDA:835,62,1,42
BRDA:844,63,0,42
BRDA:844,63,1,0
BRDA:850,64,0,42
BRDA:850,64,1,0
BRDA:857,65,0,42
BRDA:857,65,1,42
BRDA:858,66,0,42
BRDA:858,66,1,42
BRDA:859,67,0,42
BRDA:859,67,1,42
BRF:145
BRH:79
end_of_record
TN:
SF:src\app\performance.css
FNF:0
FNH:0
LF:0
LH:0
BRF:0
BRH:0
end_of_record
TN:
SF:src\app\components\LocationList.tsx
FN:7,roundCoord
FN:12,keyFor
FN:16,statusFor
FN:17,(anonymous_3)
FN:24,LocationList
FN:30,(anonymous_5)
FN:32,(anonymous_6)
FN:37,(anonymous_7)
FN:39,(anonymous_8)
FN:46,(anonymous_9)
FN:48,(anonymous_10)
FN:49,(anonymous_11)
FN:49,(anonymous_12)
FN:52,(anonymous_13)
FN:60,(anonymous_14)
FN:63,(anonymous_15)
FN:65,(anonymous_16)
FN:71,(anonymous_17)
FN:73,(anonymous_18)
FN:85,(anonymous_19)
FN:86,(anonymous_20)
FN:95,(anonymous_21)
FN:102,(anonymous_22)
FN:103,(anonymous_23)
FN:104,(anonymous_24)
FN:105,(anonymous_25)
FN:106,(anonymous_26)
FN:108,(anonymous_27)
FN:123,(anonymous_28)
FN:123,(anonymous_29)
FNF:30
FNH:0
FNDA:0,roundCoord
FNDA:0,keyFor
FNDA:0,statusFor
FNDA:0,(anonymous_3)
FNDA:0,LocationList
FNDA:0,(anonymous_5)
FNDA:0,(anonymous_6)
FNDA:0,(anonymous_7)
FNDA:0,(anonymous_8)
FNDA:0,(anonymous_9)
FNDA:0,(anonymous_10)
FNDA:0,(anonymous_11)
FNDA:0,(anonymous_12)
FNDA:0,(anonymous_13)
FNDA:0,(anonymous_14)
FNDA:0,(anonymous_15)
FNDA:0,(anonymous_16)
FNDA:0,(anonymous_17)
FNDA:0,(anonymous_18)
FNDA:0,(anonymous_19)
FNDA:0,(anonymous_20)
FNDA:0,(anonymous_21)
FNDA:0,(anonymous_22)
FNDA:0,(anonymous_23)
FNDA:0,(anonymous_24)
FNDA:0,(anonymous_25)
FNDA:0,(anonymous_26)
FNDA:0,(anonymous_27)
FNDA:0,(anonymous_28)
FNDA:0,(anonymous_29)
DA:8,0
DA:9,0
DA:13,0
DA:17,0
DA:25,0
DA:26,0
DA:27,0
DA:28,0
DA:30,0
DA:31,0
DA:32,0
DA:33,0
DA:34,0
DA:35,0
DA:37,0
DA:38,0
DA:39,0
DA:40,0
DA:41,0
DA:42,0
DA:46,0
DA:47,0
DA:48,0
DA:49,0
DA:50,0
DA:51,0
DA:52,0
DA:53,0
DA:54,0
DA:55,0
DA:56,0
DA:58,0
DA:60,0
DA:63,0
DA:64,0
DA:65,0
DA:66,0
DA:67,0
DA:71,0
DA:72,0
DA:73,0
DA:74,0
DA:75,0
DA:76,0
DA:77,0
DA:78,0
DA:79,0
DA:80,0
DA:82,0
DA:85,0
DA:86,0
DA:89,0
DA:95,0
DA:102,0
DA:103,0
DA:104,0
DA:105,0
DA:106,0
DA:109,0
DA:123,0
DA:124,0
LF:61
LH:0
BRDA:7,0,0,0
BRDA:17,1,0,0
BRDA:17,1,1,0
BRDA:35,2,0,0
BRDA:35,2,1,0
BRDA:41,3,0,0
BRDA:41,3,1,0
BRDA:42,4,0,0
BRDA:42,4,1,0
BRDA:42,5,0,0
BRDA:42,5,1,0
BRDA:49,6,0,0
BRDA:49,6,1,0
BRDA:53,7,0,0
BRDA:53,7,1,0
BRDA:55,8,0,0
BRDA:55,8,1,0
BRDA:58,9,0,0
BRDA:58,9,1,0
BRDA:66,10,0,0
BRDA:66,10,1,0
BRDA:67,11,0,0
BRDA:67,11,1,0
BRDA:67,12,0,0
BRDA:67,12,1,0
BRDA:67,13,0,0
BRDA:67,13,1,0
BRDA:75,14,0,0
BRDA:75,14,1,0
BRDA:75,15,0,0
BRDA:75,15,1,0
BRDA:75,16,0,0
BRDA:75,16,1,0
BRDA:75,17,0,0
BRDA:75,17,1,0
BRDA:76,18,0,0
BRDA:76,18,1,0
BRDA:76,19,0,0
BRDA:76,19,1,0
BRDA:76,20,0,0
BRDA:76,20,1,0
BRDA:77,21,0,0
BRDA:77,21,1,0
BRDA:78,22,0,0
BRDA:78,22,1,0
BRDA:80,23,0,0
BRDA:80,23,1,0
BRDA:86,24,0,0
BRDA:86,24,1,0
BRDA:86,25,0,0
BRDA:86,25,1,0
BRDA:110,26,0,0
BRDA:110,26,1,0
BRDA:112,27,0,0
BRDA:112,27,1,0
BRDA:113,28,0,0
BRDA:113,28,1,0
BRF:57
BRH:0
end_of_record
TN:
SF:src\app\components\ReportsList.tsx
FN:9,ReportsList
FN:14,(anonymous_1)
FN:15,(anonymous_2)
FN:22,(anonymous_3)
FN:25,(anonymous_4)
FN:32,(anonymous_5)
FN:34,(anonymous_6)
FN:45,(anonymous_7)
FN:46,(anonymous_8)
FN:58,(anonymous_9)
FN:65,(anonymous_10)
FN:66,(anonymous_11)
FN:67,(anonymous_12)
FN:68,(anonymous_13)
FN:70,(anonymous_14)
FNF:15
FNH:0
FNDA:0,ReportsList
FNDA:0,(anonymous_1)
FNDA:0,(anonymous_2)
FNDA:0,(anonymous_3)
FNDA:0,(anonymous_4)
FNDA:0,(anonymous_5)
FNDA:0,(anonymous_6)
FNDA:0,(anonymous_7)
FNDA:0,(anonymous_8)
FNDA:0,(anonymous_9)
FNDA:0,(anonymous_10)
FNDA:0,(anonymous_11)
FNDA:0,(anonymous_12)
FNDA:0,(anonymous_13)
FNDA:0,(anonymous_14)
DA:10,0
DA:11,0
DA:12,0
DA:14,0
DA:15,0
DA:16,0
DA:17,0
DA:18,0
DA:22,0
DA:23,0
DA:24,0
DA:25,0
DA:26,0
DA:32,0
DA:33,0
DA:34,0
DA:35,0
DA:36,0
DA:37,0
DA:38,0
DA:39,0
DA:40,0
DA:42,0
DA:45,0
DA:46,0
DA:49,0
DA:58,0
DA:65,0
DA:66,0
DA:67,0
DA:68,0
DA:71,0
LF:32
LH:0
BRDA:17,0,0,0
BRDA:17,0,1,0
BRDA:18,1,0,0
BRDA:18,1,1,0
BRDA:24,2,0,0
BRDA:24,2,1,0
BRDA:26,3,0,0
BRDA:26,3,1,0
BRDA:26,3,2,0
BRDA:36,4,0,0
BRDA:36,4,1,0
BRDA:36,5,0,0
BRDA:36,5,1,0
BRDA:37,6,0,0
BRDA:37,6,1,0
BRDA:38,7,0,0
BRDA:38,7,1,0
BRDA:40,8,0,0
BRDA:40,8,1,0
BRDA:46,9,0,0
BRDA:46,9,1,0
BRDA:46,10,0,0
BRDA:46,10,1,0
BRDA:53,11,0,0
BRDA:53,11,1,0
BRF:25
BRH:0
end_of_record
TN:
SF:src\domain\confirmation.ts
FN:3,siteKey
FN:4,(anonymous_1)
FN:15,evaluateReportsAtLocation
FN:17,(anonymous_3)
FN:25,(anonymous_4)
FN:30,(anonymous_5)
FNF:6
FNH:6
FNDA:10,siteKey
FNDA:20,(anonymous_1)
FNDA:4,evaluateReportsAtLocation
FNDA:6,(anonymous_3)
FNDA:6,(anonymous_4)
FNDA:6,(anonymous_5)
DA:4,20
DA:5,10
DA:16,4
DA:17,6
DA:18,4
DA:19,4
DA:22,4
DA:25,6
DA:26,4
DA:29,4
DA:30,6
DA:31,4
DA:32,4
DA:36,4
DA:37,4
DA:38,4
DA:39,4
LF:17
LH:17
BRDA:26,0,0,2
BRDA:26,0,1,2
BRDA:30,1,0,6
BRDA:30,1,1,4
BRDA:32,2,0,2
BRDA:32,2,1,2
BRDA:38,3,0,2
BRDA:38,3,1,2
BRF:8
BRH:8
end_of_record
TN:
SF:src\domain\hotspot.ts
FN:5,toRad
FN:7,distanceMeters
FN:29,generateHotspots
FN:37,(anonymous_3)
FN:38,(anonymous_4)
FN:56,(anonymous_5)
FN:57,(anonymous_6)
FN:82,(anonymous_7)
FNF:8
FNH:1
FNDA:0,toRad
FNDA:0,distanceMeters
FNDA:2,generateHotspots
FNDA:0,(anonymous_3)
FNDA:0,(anonymous_4)
FNDA:0,(anonymous_5)
FNDA:0,(anonymous_6)
FNDA:0,(anonymous_7)
DA:3,1
DA:5,0
DA:8,0
DA:9,0
DA:10,0
DA:11,0
DA:13,0
DA:14,0
DA:15,0
DA:18,1
DA:33,2
DA:34,2
DA:35,2
DA:37,2
DA:38,2
DA:39,2
DA:41,2
DA:42,0
DA:43,0
DA:44,0
DA:47,0
DA:48,0
DA:49,0
DA:50,0
DA:51,0
DA:56,0
DA:57,0
DA:60,0
DA:61,0
DA:62,0
DA:63,0
DA:64,0
DA:65,0
DA:66,0
DA:67,0
DA:68,0
DA:71,0
DA:82,2
DA:83,2
LF:39
LH:11
BRDA:31,0,0,2
BRDA:33,1,0,2
BRDA:33,1,1,0
BRDA:34,2,0,2
BRDA:34,2,1,0
BRDA:42,3,0,0
BRDA:42,3,1,0
BRDA:48,4,0,0
BRDA:48,4,1,0
BRDA:49,5,0,0
BRDA:49,5,1,0
BRDA:66,6,0,0
BRDA:66,6,1,0
BRDA:67,7,0,0
BRDA:67,7,1,0
BRDA:77,8,0,0
BRDA:77,8,1,0
BRF:17
BRH:3
end_of_record
TN:
SF:src\infrastructure\InMemoryReportRepository.ts
FN:8,(anonymous_0)
FN:10,(anonymous_1)
FN:21,(anonymous_2)
FN:22,(anonymous_3)
FN:25,(anonymous_4)
FN:26,(anonymous_5)
FN:27,(anonymous_6)
FN:38,(anonymous_7)
FN:41,(anonymous_8)
FN:46,(anonymous_9)
FN:47,(anonymous_10)
FNF:11
FNH:9
FNDA:2,(anonymous_0)
FNDA:2,(anonymous_1)
FNDA:2,(anonymous_2)
FNDA:4,(anonymous_3)
FNDA:3,(anonymous_4)
FNDA:3,(anonymous_5)
FNDA:6,(anonymous_6)
FNDA:3,(anonymous_7)
FNDA:3,(anonymous_8)
FNDA:0,(anonymous_9)
FNDA:0,(anonymous_10)
DA:6,2
DA:11,2
DA:18,2
DA:19,2
DA:21,2
DA:22,4
DA:23,2
DA:25,2
DA:26,3
DA:27,6
DA:28,3
DA:30,3
DA:31,3
DA:32,3
DA:33,2
DA:34,2
DA:36,3
DA:38,3
DA:43,3
DA:47,0
DA:48,0
LF:21
LH:19
BRDA:30,0,0,0
BRDA:30,0,1,3
BRDA:32,1,0,2
BRDA:32,1,1,1
BRDA:32,2,0,3
BRDA:32,2,1,3
BRDA:48,3,0,0
BRDA:48,3,1,0
BRF:8
BRH:5
end_of_record
TN:
SF:src\services\OverpassService.ts
FN:17,queryNearbyPOIs
FN:61,(anonymous_1)
FNF:2
FNH:2
FNDA:1,queryNearbyPOIs
FNDA:1,(anonymous_1)
DA:3,1
DA:21,1
DA:24,1
DA:25,1
DA:27,1
DA:34,1
DA:49,1
DA:50,1
DA:55,1
DA:56,0
DA:57,0
DA:60,1
DA:61,1
DA:69,0
DA:70,0
LF:15
LH:11
BRDA:19,0,0,1
BRDA:55,1,0,0
BRDA:55,1,1,1
BRDA:66,2,0,1
BRDA:66,2,1,0
BRF:5
BRH:3
end_of_record
TN:
SF:src\services\ReportService.ts
FN:11,(anonymous_0)
FN:15,(anonymous_1)
FN:31,(anonymous_2)
FN:35,(anonymous_3)
FNF:4
FNH:2
FNDA:1,(anonymous_0)
FNDA:0,(anonymous_1)
FNDA:2,(anonymous_2)
FNDA:0,(anonymous_3)
DA:12,1
DA:23,0
DA:32,2
DA:36,0
LF:4
LH:2
BRF:0
BRH:0
end_of_record
TN:
SF:src\services\ReportServiceHttp.ts
FN:4,(anonymous_0)
FN:19,(anonymous_1)
FN:25,(anonymous_2)
FN:27,(anonymous_3)
FNF:4
FNH:0
FNDA:0,(anonymous_0)
FNDA:0,(anonymous_1)
FNDA:0,(anonymous_2)
FNDA:0,(anonymous_3)
DA:10,0
DA:15,0
DA:16,0
DA:20,0
DA:21,0
DA:22,0
DA:26,0
DA:27,0
LF:8
LH:0
BRDA:15,0,0,0
BRDA:15,0,1,0
BRDA:21,1,0,0
BRDA:21,1,1,0
BRDA:27,2,0,0
BRDA:27,2,1,0
BRF:6
BRH:0
end_of_record
TN:
SF:src\services\ReportServiceHybrid.ts
FN:16,(anonymous_0)
FN:21,(anonymous_1)
FN:34,(anonymous_2)
FNF:3
FNH:2
FNDA:2,(anonymous_0)
FNDA:2,(anonymous_1)
FNDA:0,(anonymous_2)
DA:17,2
DA:18,2
DA:27,2
DA:28,2
DA:30,1
DA:35,0
DA:36,0
DA:38,0
LF:8
LH:5
BRF:0
BRH:0
end_of_record
