TN:
SF:src\app\App.css
FNF:0
FNH:0
LF:0
LH:0
BRF:0
BRH:0
end_of_record
TN:
SF:src\app\App.tsx
FN:32,(anonymous_0)
FN:39,(anonymous_1)
FN:47,(anonymous_2)
FN:55,(anonymous_3)
FN:64,(anonymous_4)
FN:72,(anonymous_5)
FN:79,(anonymous_6)
FN:114,debounce
FN:116,(anonymous_8)
FN:118,(anonymous_9)
FN:123,(anonymous_10)
FN:125,(anonymous_11)
FN:125,(anonymous_12)
FN:130,(anonymous_13)
FN:139,(anonymous_14)
FN:140,(anonymous_15)
FN:152,(anonymous_16)
FN:170,(anonymous_17)
FN:171,(anonymous_18)
FN:172,(anonymous_19)
FN:179,(anonymous_20)
FN:193,(anonymous_21)
FN:201,(anonymous_22)
FN:204,(anonymous_23)
FN:213,(anonymous_24)
FN:227,(anonymous_25)
FN:236,(anonymous_26)
FN:239,(anonymous_27)
FN:245,(anonymous_28)
FN:262,(anonymous_29)
FN:263,(anonymous_30)
FN:268,(anonymous_31)
FN:275,(anonymous_32)
FN:282,(anonymous_33)
FN:289,(anonymous_34)
FN:299,App
FN:317,(anonymous_36)
FN:318,(anonymous_37)
FN:333,(anonymous_38)
FN:336,(anonymous_39)
FN:372,(anonymous_40)
FN:373,(anonymous_41)
FN:393,(anonymous_42)
FN:396,(anonymous_43)
FN:400,(anonymous_44)
FN:413,(anonymous_45)
FN:416,(anonymous_46)
FN:420,(anonymous_47)
FN:428,(anonymous_48)
FN:436,(anonymous_49)
FN:437,(anonymous_50)
FN:445,(anonymous_51)
FN:477,(anonymous_52)
FN:483,(anonymous_53)
FN:484,(anonymous_54)
FN:491,(anonymous_55)
FN:492,(anonymous_56)
FN:505,(anonymous_57)
FN:507,(anonymous_58)
FN:510,(anonymous_59)
FN:519,(anonymous_60)
FN:525,(anonymous_61)
FN:549,(anonymous_62)
FN:549,(anonymous_63)
FN:560,(anonymous_64)
FN:564,(anonymous_65)
FN:567,(anonymous_66)
FN:569,(anonymous_67)
FN:571,(anonymous_68)
FN:573,(anonymous_69)
FN:574,(anonymous_70)
FN:575,(anonymous_71)
FN:585,(anonymous_72)
FN:598,(anonymous_73)
FN:603,(anonymous_74)
FN:603,(anonymous_75)
FN:624,(anonymous_76)
FN:626,(anonymous_77)
FN:632,(anonymous_78)
FN:633,(anonymous_79)
FN:637,(anonymous_80)
FN:640,(anonymous_81)
FN:644,(anonymous_82)
FN:653,(anonymous_83)
FN:653,(anonymous_84)
FN:665,(anonymous_85)
FN:729,(anonymous_86)
FN:748,(anonymous_87)
FN:773,(anonymous_88)
FN:777,(anonymous_89)
FN:791,(anonymous_90)
FN:794,(anonymous_91)
FN:808,(anonymous_92)
FN:818,(anonymous_93)
FN:824,(anonymous_94)
FN:831,(anonymous_95)
FN:847,(anonymous_96)
FN:850,(anonymous_97)
FN:872,(anonymous_98)
FN:881,(anonymous_99)
FN:889,(anonymous_100)
FN:897,(anonymous_101)
FN:903,(anonymous_102)
FN:907,(anonymous_103)
FN:919,(anonymous_104)
FN:950,(anonymous_105)
FN:960,(anonymous_106)
FN:984,(anonymous_107)
FN:996,(anonymous_108)
FNF:109
FNH:44
FNDA:2,(anonymous_0)
FNDA:2,(anonymous_1)
FNDA:0,(anonymous_2)
FNDA:2,(anonymous_3)
FNDA:4,(anonymous_4)
FNDA:4,(anonymous_5)
FNDA:0,(anonymous_6)
FNDA:2,debounce
FNDA:0,(anonymous_8)
FNDA:0,(anonymous_9)
FNDA:2,(anonymous_10)
FNDA:2,(anonymous_11)
FNDA:0,(anonymous_12)
FNDA:0,(anonymous_13)
FNDA:0,(anonymous_14)
FNDA:0,(anonymous_15)
FNDA:0,(anonymous_16)
FNDA:2,(anonymous_17)
FNDA:2,(anonymous_18)
FNDA:0,(anonymous_19)
FNDA:0,(anonymous_20)
FNDA:1,(anonymous_21)
FNDA:3,(anonymous_22)
FNDA:1,(anonymous_23)
FNDA:0,(anonymous_24)
FNDA:2,(anonymous_25)
FNDA:2,(anonymous_26)
FNDA:0,(anonymous_27)
FNDA:0,(anonymous_28)
FNDA:2,(anonymous_29)
FNDA:0,(anonymous_30)
FNDA:0,(anonymous_31)
FNDA:0,(anonymous_32)
FNDA:0,(anonymous_33)
FNDA:0,(anonymous_34)
FNDA:41,App
FNDA:2,(anonymous_36)
FNDA:2,(anonymous_37)
FNDA:2,(anonymous_38)
FNDA:0,(anonymous_39)
FNDA:2,(anonymous_40)
FNDA:2,(anonymous_41)
FNDA:31,(anonymous_42)
FNDA:1,(anonymous_43)
FNDA:0,(anonymous_44)
FNDA:31,(anonymous_45)
FNDA:0,(anonymous_46)
FNDA:0,(anonymous_47)
FNDA:0,(anonymous_48)
FNDA:0,(anonymous_49)
FNDA:0,(anonymous_50)
FNDA:0,(anonymous_51)
FNDA:0,(anonymous_52)
FNDA:4,(anonymous_53)
FNDA:0,(anonymous_54)
FNDA:4,(anonymous_55)
FNDA:29,(anonymous_56)
FNDA:4,(anonymous_57)
FNDA:0,(anonymous_58)
FNDA:2,(anonymous_59)
FNDA:2,(anonymous_60)
FNDA:2,(anonymous_61)
FNDA:1,(anonymous_62)
FNDA:1,(anonymous_63)
FNDA:0,(anonymous_64)
FNDA:0,(anonymous_65)
FNDA:0,(anonymous_66)
FNDA:0,(anonymous_67)
FNDA:0,(anonymous_68)
FNDA:0,(anonymous_69)
FNDA:0,(anonymous_70)
FNDA:0,(anonymous_71)
FNDA:0,(anonymous_72)
FNDA:0,(anonymous_73)
FNDA:0,(anonymous_74)
FNDA:0,(anonymous_75)
FNDA:0,(anonymous_76)
FNDA:0,(anonymous_77)
FNDA:0,(anonymous_78)
FNDA:0,(anonymous_79)
FNDA:0,(anonymous_80)
FNDA:164,(anonymous_81)
FNDA:0,(anonymous_82)
FNDA:0,(anonymous_83)
FNDA:0,(anonymous_84)
FNDA:0,(anonymous_85)
FNDA:1,(anonymous_86)
FNDA:0,(anonymous_87)
FNDA:123,(anonymous_88)
FNDA:0,(anonymous_89)
FNDA:0,(anonymous_90)
FNDA:205,(anonymous_91)
FNDA:0,(anonymous_92)
FNDA:0,(anonymous_93)
FNDA:0,(anonymous_94)
FNDA:0,(anonymous_95)
FNDA:0,(anonymous_96)
FNDA:0,(anonymous_97)
FNDA:11,(anonymous_98)
FNDA:11,(anonymous_99)
FNDA:2,(anonymous_100)
FNDA:5,(anonymous_101)
FNDA:0,(anonymous_102)
FNDA:0,(anonymous_103)
FNDA:1,(anonymous_104)
FNDA:1,(anonymous_105)
FNDA:0,(anonymous_106)
FNDA:0,(anonymous_107)
FNDA:0,(anonymous_108)
DA:13,1
DA:32,1
DA:33,2
DA:37,1
DA:39,1
DA:40,2
DA:45,1
DA:47,1
DA:48,0
DA:53,1
DA:55,1
DA:56,2
DA:62,1
DA:64,1
DA:65,4
DA:70,1
DA:72,1
DA:73,4
DA:77,1
DA:79,1
DA:80,0
DA:88,1
DA:91,1
DA:92,1
DA:93,1
DA:94,1
DA:95,1
DA:97,1
DA:98,1
DA:106,1
DA:116,2
DA:117,0
DA:118,0
DA:123,1
DA:124,2
DA:125,2
DA:129,2
DA:131,0
DA:134,2
DA:136,1
DA:139,1
DA:140,0
DA:141,0
DA:142,0
DA:143,0
DA:144,0
DA:145,0
DA:150,0
DA:153,0
DA:167,1
DA:170,1
DA:171,2
DA:172,2
DA:173,0
DA:174,0
DA:175,0
DA:177,2
DA:180,0
DA:190,1
DA:193,1
DA:201,1
DA:202,3
DA:205,1
DA:206,1
DA:207,1
DA:214,0
DA:215,0
DA:224,1
DA:227,1
DA:234,2
DA:236,2
DA:237,2
DA:238,0
DA:240,0
DA:241,0
DA:242,0
DA:243,0
DA:246,0
DA:248,0
DA:252,2
DA:256,2
DA:258,1
DA:259,1
DA:262,1
DA:263,2
DA:264,2
DA:268,0
DA:275,0
DA:282,0
DA:289,0
DA:297,1
DA:300,41
DA:301,41
DA:302,41
DA:303,41
DA:304,41
DA:305,41
DA:306,41
DA:307,41
DA:308,41
DA:309,41
DA:310,41
DA:311,41
DA:313,41
DA:314,41
DA:317,41
DA:318,2
DA:319,2
DA:320,2
DA:321,2
DA:322,2
DA:324,2
DA:325,0
DA:330,2
DA:332,2
DA:333,2
DA:336,41
DA:338,0
DA:340,0
DA:342,0
DA:343,0
DA:346,0
DA:347,0
DA:352,41
DA:353,41
DA:354,41
DA:355,41
DA:356,41
DA:357,41
DA:358,41
DA:359,41
DA:360,41
DA:361,41
DA:362,41
DA:363,41
DA:364,41
DA:365,41
DA:366,41
DA:367,41
DA:368,41
DA:372,41
DA:373,2
DA:374,2
DA:375,2
DA:376,2
DA:377,2
DA:378,2
DA:379,2
DA:380,2
DA:382,0
DA:383,0
DA:384,0
DA:386,2
DA:390,2
DA:393,41
DA:394,31
DA:395,31
DA:396,31
DA:397,1
DA:398,1
DA:399,0
DA:400,0
DA:401,0
DA:402,0
DA:404,1
DA:405,1
DA:406,1
DA:407,1
DA:413,31
DA:416,41
DA:417,0
DA:418,0
DA:419,0
DA:420,0
DA:421,0
DA:422,0
DA:423,0
DA:424,0
DA:428,41
DA:429,0
DA:430,0
DA:431,0
DA:433,0
DA:436,41
DA:437,0
DA:438,0
DA:439,0
DA:440,0
DA:441,0
DA:445,41
DA:446,0
DA:448,0
DA:449,0
DA:450,0
DA:451,0
DA:453,0
DA:460,0
DA:461,0
DA:462,0
DA:463,0
DA:464,0
DA:465,0
DA:466,0
DA:467,0
DA:469,0
DA:470,0
DA:471,0
DA:473,0
DA:477,41
DA:478,0
DA:479,0
DA:483,41
DA:484,4
DA:485,0
DA:486,0
DA:491,41
DA:492,4
DA:493,29
DA:494,0
DA:496,29
DA:497,0
DA:499,29
DA:500,0
DA:504,4
DA:505,4
DA:506,0
DA:507,0
DA:510,41
DA:511,2
DA:512,0
DA:513,0
DA:514,0
DA:515,0
DA:519,41
DA:520,2
DA:521,2
DA:522,2
DA:525,41
DA:526,2
DA:527,2
DA:528,2
DA:531,41
DA:549,1
DA:560,0
DA:565,0
DA:566,0
DA:567,0
DA:568,0
DA:569,0
DA:571,0
DA:573,0
DA:574,0
DA:575,0
DA:576,0
DA:577,0
DA:578,0
DA:579,0
DA:580,0
DA:581,0
DA:582,0
DA:583,0
DA:584,0
DA:585,0
DA:586,0
DA:587,0
DA:588,0
DA:589,0
DA:590,0
DA:591,0
DA:599,0
DA:600,0
DA:603,0
DA:606,0
DA:607,0
DA:608,0
DA:609,0
DA:624,0
DA:626,0
DA:632,0
DA:633,0
DA:637,0
DA:641,164
DA:644,0
DA:653,0
DA:665,0
DA:729,1
DA:748,0
DA:774,123
DA:777,0
DA:791,0
DA:795,205
DA:808,0
DA:818,0
DA:825,0
DA:826,0
DA:827,0
DA:828,0
DA:829,0
DA:830,0
DA:831,0
DA:832,0
DA:833,0
DA:834,0
DA:835,0
DA:848,0
DA:849,0
DA:851,0
DA:852,0
DA:853,0
DA:854,0
DA:872,11
DA:881,11
DA:889,2
DA:897,5
DA:904,0
DA:908,0
DA:909,0
DA:910,0
DA:911,0
DA:920,1
DA:921,1
DA:922,1
DA:923,1
DA:924,1
DA:925,1
DA:926,1
DA:927,1
DA:928,1
DA:929,1
DA:931,0
DA:951,1
DA:952,1
DA:953,1
DA:961,0
DA:962,0
DA:963,0
DA:964,0
DA:984,0
DA:996,0
LF:339
LH:172
BRDA:95,0,0,0
BRDA:95,0,1,1
BRDA:143,1,0,0
BRDA:143,1,1,0
BRDA:144,2,0,0
BRDA:144,2,1,0
BRDA:173,3,0,0
BRDA:173,3,1,0
BRDA:174,4,0,0
BRDA:174,4,1,0
BRDA:195,5,0,0
BRDA:195,5,1,1
BRDA:205,6,0,1
BRDA:205,6,1,0
BRDA:205,6,2,0
BRDA:205,6,3,0
BRDA:206,7,0,0
BRDA:206,7,1,1
BRDA:237,8,0,0
BRDA:237,8,1,2
BRDA:267,9,0,2
BRDA:267,9,1,0
BRDA:274,10,0,0
BRDA:274,10,1,2
BRDA:281,11,0,0
BRDA:281,11,1,2
BRDA:324,12,0,0
BRDA:324,12,1,2
BRDA:324,13,0,2
BRDA:324,13,1,2
BRDA:338,14,0,0
BRDA:338,14,1,0
BRDA:398,15,0,0
BRDA:398,15,1,1
BRDA:399,16,0,0
BRDA:399,16,1,0
BRDA:401,17,0,0
BRDA:401,17,1,0
BRDA:405,18,0,1
BRDA:405,18,1,0
BRDA:446,19,0,0
BRDA:446,19,1,0
BRDA:457,20,0,0
BRDA:457,20,1,0
BRDA:493,21,0,0
BRDA:493,21,1,29
BRDA:493,22,0,29
BRDA:493,22,1,0
BRDA:496,23,0,0
BRDA:496,23,1,29
BRDA:496,24,0,29
BRDA:496,24,1,0
BRDA:499,25,0,0
BRDA:499,25,1,29
BRDA:499,26,0,29
BRDA:499,26,1,0
BRDA:499,26,2,0
BRDA:511,27,0,0
BRDA:511,27,1,2
BRDA:521,28,0,0
BRDA:521,28,1,2
BRDA:521,29,0,2
BRDA:521,29,1,0
BRDA:521,29,2,0
BRDA:521,29,3,0
BRDA:527,30,0,0
BRDA:527,30,1,2
BRDA:527,31,0,2
BRDA:527,31,1,0
BRDA:527,31,2,0
BRDA:527,31,3,0
BRDA:534,32,0,41
BRDA:534,32,1,41
BRDA:540,33,0,41
BRDA:540,33,1,41
BRDA:540,34,0,41
BRDA:540,34,1,41
BRDA:557,35,0,41
BRDA:557,35,1,0
BRDA:573,36,0,0
BRDA:573,36,1,0
BRDA:574,37,0,0
BRDA:574,37,1,0
BRDA:575,38,0,0
BRDA:575,38,1,0
BRDA:620,39,0,1
BRDA:620,39,1,40
BRDA:620,40,0,0
BRDA:620,40,1,41
BRDA:621,41,0,1
BRDA:621,41,1,40
BRDA:629,42,0,41
BRDA:629,42,1,0
BRDA:637,43,0,41
BRDA:637,43,1,1
BRDA:643,44,0,41
BRDA:643,44,1,123
BRDA:652,45,0,41
BRDA:652,45,1,0
BRDA:662,46,0,41
BRDA:662,46,1,0
BRDA:671,47,0,4
BRDA:671,47,1,37
BRDA:685,48,0,37
BRDA:685,48,1,37
BRDA:691,49,0,37
BRDA:691,49,1,0
BRDA:693,50,0,37
BRDA:693,50,1,1
BRDA:696,51,0,37
BRDA:696,51,1,1
BRDA:696,51,2,1
BRDA:726,52,0,41
BRDA:726,52,1,9
BRDA:738,53,0,41
BRDA:738,53,1,32
BRDA:740,54,0,32
BRDA:740,54,1,9
BRDA:758,55,0,41
BRDA:758,55,1,0
BRDA:765,56,0,1
BRDA:765,56,1,40
BRDA:776,57,0,41
BRDA:776,57,1,82
BRDA:812,58,0,41
BRDA:812,58,1,0
BRDA:822,59,0,41
BRDA:822,59,1,0
BRDA:827,60,0,0
BRDA:827,60,1,0
BRDA:827,61,0,0
BRDA:827,61,1,0
BRDA:840,62,0,41
BRDA:840,62,1,41
BRDA:840,63,0,41
BRDA:840,63,1,41
BRDA:840,64,0,41
BRDA:840,64,1,0
BRDA:848,65,0,0
BRDA:848,65,1,0
BRDA:922,66,0,1
BRDA:922,66,1,0
BRDA:946,67,0,41
BRDA:946,67,1,0
BRDA:947,68,0,41
BRDA:947,68,1,41
BRDA:947,68,2,40
BRDA:950,69,0,41
BRDA:950,69,1,41
BRDA:951,70,0,1
BRDA:951,70,1,0
BRDA:951,70,2,0
BRDA:951,70,3,0
BRDA:952,71,0,1
BRDA:952,71,1,0
BRDA:952,71,2,0
BRDA:1008,72,0,41
BRDA:1008,72,1,1
BRDA:1011,73,0,0
BRDA:1011,73,1,41
BRDA:1020,74,0,41
BRDA:1020,74,1,0
BRDA:1026,75,0,41
BRDA:1026,75,1,0
BRDA:1032,76,0,0
BRDA:1032,76,1,41
BRDA:1033,77,0,41
BRDA:1033,77,1,41
BRDA:1034,78,0,41
BRDA:1034,78,1,41
BRDA:1035,79,0,41
BRDA:1035,79,1,41
BRDA:1040,80,0,41
BRDA:1040,80,1,41
BRF:174
BRH:94
end_of_record
TN:
SF:src\app\performance.css
FNF:0
FNH:0
LF:0
LH:0
BRF:0
BRH:0
end_of_record
TN:
SF:src\app\components\LocationList.tsx
FN:7,roundCoord
FN:12,keyFor
FN:16,statusFor
FN:17,(anonymous_3)
FN:25,LocationList
FN:31,(anonymous_5)
FN:33,(anonymous_6)
FN:38,(anonymous_7)
FN:40,(anonymous_8)
FN:47,(anonymous_9)
FN:49,(anonymous_10)
FN:50,(anonymous_11)
FN:50,(anonymous_12)
FN:53,(anonymous_13)
FN:61,(anonymous_14)
FN:64,(anonymous_15)
FN:66,(anonymous_16)
FN:72,(anonymous_17)
FN:74,(anonymous_18)
FN:86,(anonymous_19)
FN:87,(anonymous_20)
FN:101,(anonymous_21)
FN:108,(anonymous_22)
FN:109,(anonymous_23)
FN:110,(anonymous_24)
FN:111,(anonymous_25)
FN:112,(anonymous_26)
FN:114,(anonymous_27)
FN:131,(anonymous_28)
FN:131,(anonymous_29)
FNF:30
FNH:0
FNDA:0,roundCoord
FNDA:0,keyFor
FNDA:0,statusFor
FNDA:0,(anonymous_3)
FNDA:0,LocationList
FNDA:0,(anonymous_5)
FNDA:0,(anonymous_6)
FNDA:0,(anonymous_7)
FNDA:0,(anonymous_8)
FNDA:0,(anonymous_9)
FNDA:0,(anonymous_10)
FNDA:0,(anonymous_11)
FNDA:0,(anonymous_12)
FNDA:0,(anonymous_13)
FNDA:0,(anonymous_14)
FNDA:0,(anonymous_15)
FNDA:0,(anonymous_16)
FNDA:0,(anonymous_17)
FNDA:0,(anonymous_18)
FNDA:0,(anonymous_19)
FNDA:0,(anonymous_20)
FNDA:0,(anonymous_21)
FNDA:0,(anonymous_22)
FNDA:0,(anonymous_23)
FNDA:0,(anonymous_24)
FNDA:0,(anonymous_25)
FNDA:0,(anonymous_26)
FNDA:0,(anonymous_27)
FNDA:0,(anonymous_28)
FNDA:0,(anonymous_29)
DA:8,0
DA:9,0
DA:13,0
DA:17,0
DA:26,0
DA:27,0
DA:28,0
DA:29,0
DA:31,0
DA:32,0
DA:33,0
DA:34,0
DA:35,0
DA:36,0
DA:38,0
DA:39,0
DA:40,0
DA:41,0
DA:42,0
DA:43,0
DA:47,0
DA:48,0
DA:49,0
DA:50,0
DA:51,0
DA:52,0
DA:53,0
DA:54,0
DA:55,0
DA:56,0
DA:57,0
DA:59,0
DA:61,0
DA:64,0
DA:65,0
DA:66,0
DA:67,0
DA:68,0
DA:72,0
DA:73,0
DA:74,0
DA:75,0
DA:76,0
DA:77,0
DA:78,0
DA:79,0
DA:80,0
DA:81,0
DA:83,0
DA:86,0
DA:87,0
DA:90,0
DA:101,0
DA:108,0
DA:109,0
DA:110,0
DA:111,0
DA:112,0
DA:115,0
DA:131,0
DA:132,0
LF:61
LH:0
BRDA:7,0,0,0
BRDA:17,1,0,0
BRDA:17,1,1,0
BRDA:36,2,0,0
BRDA:36,2,1,0
BRDA:42,3,0,0
BRDA:42,3,1,0
BRDA:43,4,0,0
BRDA:43,4,1,0
BRDA:43,5,0,0
BRDA:43,5,1,0
BRDA:50,6,0,0
BRDA:50,6,1,0
BRDA:54,7,0,0
BRDA:54,7,1,0
BRDA:56,8,0,0
BRDA:56,8,1,0
BRDA:59,9,0,0
BRDA:59,9,1,0
BRDA:67,10,0,0
BRDA:67,10,1,0
BRDA:68,11,0,0
BRDA:68,11,1,0
BRDA:68,12,0,0
BRDA:68,12,1,0
BRDA:68,13,0,0
BRDA:68,13,1,0
BRDA:76,14,0,0
BRDA:76,14,1,0
BRDA:76,15,0,0
BRDA:76,15,1,0
BRDA:76,16,0,0
BRDA:76,16,1,0
BRDA:76,17,0,0
BRDA:76,17,1,0
BRDA:77,18,0,0
BRDA:77,18,1,0
BRDA:77,19,0,0
BRDA:77,19,1,0
BRDA:77,20,0,0
BRDA:77,20,1,0
BRDA:78,21,0,0
BRDA:78,21,1,0
BRDA:79,22,0,0
BRDA:79,22,1,0
BRDA:81,23,0,0
BRDA:81,23,1,0
BRDA:87,24,0,0
BRDA:87,24,1,0
BRDA:87,25,0,0
BRDA:87,25,1,0
BRDA:94,26,0,0
BRDA:94,26,1,0
BRDA:116,27,0,0
BRDA:116,27,1,0
BRDA:118,28,0,0
BRDA:118,28,1,0
BRDA:119,29,0,0
BRDA:119,29,1,0
BRDA:122,30,0,0
BRDA:122,30,1,0
BRDA:123,31,0,0
BRDA:123,31,1,0
BRF:63
BRH:0
end_of_record
TN:
SF:src\app\components\ReportsList.tsx
FN:9,ReportsList
FN:14,(anonymous_1)
FN:15,(anonymous_2)
FN:22,(anonymous_3)
FN:25,(anonymous_4)
FN:32,(anonymous_5)
FN:34,(anonymous_6)
FN:45,(anonymous_7)
FN:46,(anonymous_8)
FN:60,(anonymous_9)
FN:67,(anonymous_10)
FN:68,(anonymous_11)
FN:69,(anonymous_12)
FN:70,(anonymous_13)
FN:72,(anonymous_14)
FNF:15
FNH:0
FNDA:0,ReportsList
FNDA:0,(anonymous_1)
FNDA:0,(anonymous_2)
FNDA:0,(anonymous_3)
FNDA:0,(anonymous_4)
FNDA:0,(anonymous_5)
FNDA:0,(anonymous_6)
FNDA:0,(anonymous_7)
FNDA:0,(anonymous_8)
FNDA:0,(anonymous_9)
FNDA:0,(anonymous_10)
FNDA:0,(anonymous_11)
FNDA:0,(anonymous_12)
FNDA:0,(anonymous_13)
FNDA:0,(anonymous_14)
DA:10,0
DA:11,0
DA:12,0
DA:14,0
DA:15,0
DA:16,0
DA:17,0
DA:18,0
DA:22,0
DA:23,0
DA:24,0
DA:25,0
DA:26,0
DA:32,0
DA:33,0
DA:34,0
DA:35,0
DA:36,0
DA:37,0
DA:38,0
DA:39,0
DA:40,0
DA:42,0
DA:45,0
DA:46,0
DA:49,0
DA:60,0
DA:67,0
DA:68,0
DA:69,0
DA:70,0
DA:73,0
LF:32
LH:0
BRDA:17,0,0,0
BRDA:17,0,1,0
BRDA:18,1,0,0
BRDA:18,1,1,0
BRDA:24,2,0,0
BRDA:24,2,1,0
BRDA:26,3,0,0
BRDA:26,3,1,0
BRDA:26,3,2,0
BRDA:36,4,0,0
BRDA:36,4,1,0
BRDA:36,5,0,0
BRDA:36,5,1,0
BRDA:37,6,0,0
BRDA:37,6,1,0
BRDA:38,7,0,0
BRDA:38,7,1,0
BRDA:40,8,0,0
BRDA:40,8,1,0
BRDA:46,9,0,0
BRDA:46,9,1,0
BRDA:46,10,0,0
BRDA:46,10,1,0
BRDA:53,11,0,0
BRDA:53,11,1,0
BRF:25
BRH:0
end_of_record
TN:
SF:src\domain\confirmation.ts
FN:3,siteKey
FN:4,(anonymous_1)
FN:15,evaluateReportsAtLocation
FN:17,(anonymous_3)
FN:25,(anonymous_4)
FN:30,(anonymous_5)
FNF:6
FNH:6
FNDA:10,siteKey
FNDA:20,(anonymous_1)
FNDA:4,evaluateReportsAtLocation
FNDA:6,(anonymous_3)
FNDA:6,(anonymous_4)
FNDA:6,(anonymous_5)
DA:4,20
DA:5,10
DA:16,4
DA:17,6
DA:18,4
DA:19,4
DA:22,4
DA:25,6
DA:26,4
DA:29,4
DA:30,6
DA:31,4
DA:32,4
DA:36,4
DA:37,4
DA:38,4
DA:39,4
LF:17
LH:17
BRDA:26,0,0,2
BRDA:26,0,1,2
BRDA:30,1,0,6
BRDA:30,1,1,4
BRDA:32,2,0,2
BRDA:32,2,1,2
BRDA:38,3,0,2
BRDA:38,3,1,2
BRF:8
BRH:8
end_of_record
TN:
SF:src\domain\hotspot.ts
FN:5,toRad
FN:7,distanceMeters
FN:29,generateHotspots
FN:37,(anonymous_3)
FN:38,(anonymous_4)
FN:56,(anonymous_5)
FN:57,(anonymous_6)
FN:82,(anonymous_7)
FNF:8
FNH:1
FNDA:0,toRad
FNDA:0,distanceMeters
FNDA:2,generateHotspots
FNDA:0,(anonymous_3)
FNDA:0,(anonymous_4)
FNDA:0,(anonymous_5)
FNDA:0,(anonymous_6)
FNDA:0,(anonymous_7)
DA:3,1
DA:5,0
DA:8,0
DA:9,0
DA:10,0
DA:11,0
DA:13,0
DA:14,0
DA:15,0
DA:18,1
DA:33,2
DA:34,2
DA:35,2
DA:37,2
DA:38,2
DA:39,2
DA:41,2
DA:42,0
DA:43,0
DA:44,0
DA:47,0
DA:48,0
DA:49,0
DA:50,0
DA:51,0
DA:56,0
DA:57,0
DA:60,0
DA:61,0
DA:62,0
DA:63,0
DA:64,0
DA:65,0
DA:66,0
DA:67,0
DA:68,0
DA:71,0
DA:82,2
DA:83,2
LF:39
LH:11
BRDA:31,0,0,2
BRDA:33,1,0,2
BRDA:33,1,1,0
BRDA:34,2,0,2
BRDA:34,2,1,0
BRDA:42,3,0,0
BRDA:42,3,1,0
BRDA:48,4,0,0
BRDA:48,4,1,0
BRDA:49,5,0,0
BRDA:49,5,1,0
BRDA:66,6,0,0
BRDA:66,6,1,0
BRDA:67,7,0,0
BRDA:67,7,1,0
BRDA:77,8,0,0
BRDA:77,8,1,0
BRF:17
BRH:3
end_of_record
TN:
SF:src\infrastructure\InMemoryReportRepository.ts
FN:8,(anonymous_0)
FN:10,(anonymous_1)
FN:23,(anonymous_2)
FN:24,(anonymous_3)
FN:27,(anonymous_4)
FN:28,(anonymous_5)
FN:29,(anonymous_6)
FN:40,(anonymous_7)
FN:43,(anonymous_8)
FN:48,(anonymous_9)
FN:51,(anonymous_10)
FN:71,(anonymous_11)
FN:72,(anonymous_12)
FN:76,(anonymous_13)
FN:77,(anonymous_14)
FN:84,(anonymous_15)
FNF:16
FNH:10
FNDA:7,(anonymous_0)
FNDA:2,(anonymous_1)
FNDA:2,(anonymous_2)
FNDA:4,(anonymous_3)
FNDA:3,(anonymous_4)
FNDA:3,(anonymous_5)
FNDA:6,(anonymous_6)
FNDA:3,(anonymous_7)
FNDA:3,(anonymous_8)
FNDA:6,(anonymous_9)
FNDA:0,(anonymous_10)
FNDA:0,(anonymous_11)
FNDA:0,(anonymous_12)
FNDA:0,(anonymous_13)
FNDA:0,(anonymous_14)
FNDA:0,(anonymous_15)
DA:6,7
DA:11,2
DA:20,2
DA:21,2
DA:23,2
DA:24,4
DA:25,2
DA:27,2
DA:28,3
DA:29,6
DA:30,3
DA:32,3
DA:33,3
DA:34,3
DA:35,2
DA:36,2
DA:38,3
DA:40,3
DA:45,3
DA:49,6
DA:51,2
DA:52,0
DA:53,0
DA:55,0
DA:56,0
DA:58,0
DA:59,0
DA:63,0
DA:64,0
DA:67,0
DA:72,0
DA:73,0
DA:77,0
DA:78,0
DA:80,0
DA:81,0
DA:85,0
DA:86,0
DA:87,0
DA:88,0
DA:89,0
DA:91,0
DA:94,0
DA:96,0
LF:44
LH:21
BRDA:15,0,0,2
BRDA:15,0,1,2
BRDA:32,1,0,0
BRDA:32,1,1,3
BRDA:34,2,0,2
BRDA:34,2,1,1
BRDA:34,3,0,3
BRDA:34,3,1,3
BRDA:49,4,0,4
BRDA:49,4,1,2
BRDA:52,5,0,0
BRDA:52,5,1,0
BRDA:52,6,0,0
BRDA:52,6,1,0
BRDA:55,7,0,0
BRDA:55,7,1,0
BRDA:55,8,0,0
BRDA:55,8,1,0
BRDA:58,9,0,0
BRDA:58,9,1,0
BRDA:58,10,0,0
BRDA:58,10,1,0
BRDA:63,11,0,0
BRDA:63,11,1,0
BRDA:73,12,0,0
BRDA:73,12,1,0
BRDA:77,13,0,0
BRDA:77,13,1,0
BRDA:78,14,0,0
BRDA:78,14,1,0
BRF:30
BRH:9
end_of_record
TN:
SF:src\services\OverpassService.ts
FN:17,queryNearbyPOIs
FN:60,(anonymous_1)
FNF:2
FNH:2
FNDA:1,queryNearbyPOIs
FNDA:1,(anonymous_1)
DA:3,1
DA:21,1
DA:24,1
DA:25,1
DA:27,1
DA:34,1
DA:48,1
DA:49,1
DA:54,1
DA:55,0
DA:56,0
DA:59,1
DA:60,1
DA:68,0
DA:69,0
LF:15
LH:11
BRDA:19,0,0,1
BRDA:54,1,0,0
BRDA:54,1,1,1
BRDA:65,2,0,1
BRDA:65,2,1,0
BRF:5
BRH:3
end_of_record
TN:
SF:src\services\ReportAutomationService.ts
FN:12,(anonymous_0)
FN:67,(anonymous_1)
FN:94,(anonymous_2)
FN:124,(anonymous_3)
FN:127,(anonymous_4)
FN:163,(anonymous_5)
FN:199,(anonymous_6)
FN:210,(anonymous_7)
FN:229,(anonymous_8)
FN:260,(anonymous_9)
FN:266,(anonymous_10)
FN:271,(anonymous_11)
FN:275,(anonymous_12)
FN:276,(anonymous_13)
FN:281,isValidDate
FNF:15
FNH:13
FNDA:3,(anonymous_0)
FNDA:3,(anonymous_1)
FNDA:2,(anonymous_2)
FNDA:4,(anonymous_3)
FNDA:0,(anonymous_4)
FNDA:2,(anonymous_5)
FNDA:2,(anonymous_6)
FNDA:2,(anonymous_7)
FNDA:1,(anonymous_8)
FNDA:10,(anonymous_9)
FNDA:10,(anonymous_10)
FNDA:0,(anonymous_11)
FNDA:3,(anonymous_12)
FNDA:10,(anonymous_13)
FNDA:3,isValidDate
DA:7,5
DA:8,5
DA:9,5
DA:13,3
DA:15,3
DA:16,3
DA:26,3
DA:27,3
DA:36,3
DA:37,1
DA:38,1
DA:42,2
DA:43,2
DA:44,0
DA:52,0
DA:53,0
DA:57,2
DA:60,2
DA:63,1
DA:68,3
DA:70,3
DA:71,0
DA:74,3
DA:77,0
DA:80,3
DA:81,1
DA:84,3
DA:85,0
DA:88,3
DA:95,2
DA:100,2
DA:103,2
DA:105,2
DA:106,0
DA:108,0
DA:109,0
DA:110,0
DA:112,0
DA:114,0
DA:121,2
DA:125,4
DA:126,4
DA:127,4
DA:129,4
DA:130,0
DA:138,0
DA:140,0
DA:150,0
DA:159,0
DA:164,2
DA:166,2
DA:167,2
DA:175,2
DA:177,1
DA:186,1
DA:195,1
DA:200,2
DA:213,2
DA:214,2
DA:220,1
DA:221,0
DA:225,0
DA:230,1
DA:241,1
DA:242,1
DA:254,1
DA:256,0
DA:261,10
DA:263,10
DA:267,10
DA:272,0
DA:276,10
DA:282,3
DA:283,3
LF:74
LH:53
BRDA:31,0,0,2
BRDA:31,0,1,1
BRDA:32,1,0,2
BRDA:32,1,1,1
BRDA:36,2,0,1
BRDA:36,2,1,2
BRDA:43,3,0,0
BRDA:43,3,1,2
BRDA:70,4,0,0
BRDA:70,4,1,3
BRDA:70,5,0,3
BRDA:70,5,1,3
BRDA:74,6,0,0
BRDA:74,6,1,3
BRDA:74,7,0,3
BRDA:74,7,1,3
BRDA:74,7,2,3
BRDA:80,8,0,1
BRDA:80,8,1,2
BRDA:80,9,0,3
BRDA:80,9,1,2
BRDA:84,10,0,0
BRDA:84,10,1,3
BRDA:84,11,0,3
BRDA:84,11,1,3
BRDA:106,12,0,0
BRDA:106,12,1,0
BRDA:112,13,0,0
BRDA:112,13,1,0
BRDA:112,14,0,0
BRDA:112,14,1,0
BRDA:129,15,0,0
BRDA:129,15,1,4
BRDA:144,16,0,0
BRDA:144,16,1,0
BRDA:154,17,0,0
BRDA:154,17,1,0
BRDA:157,18,0,0
BRDA:157,18,1,0
BRDA:164,19,0,0
BRDA:164,19,1,2
BRDA:190,20,0,1
BRDA:190,20,1,0
BRDA:193,21,0,1
BRDA:193,21,1,0
BRDA:206,22,0,0
BRDA:206,22,1,2
BRDA:213,23,0,2
BRDA:213,23,1,0
BRDA:220,24,0,0
BRDA:220,24,1,1
BRDA:234,25,0,1
BRDA:234,25,1,0
BRDA:237,26,0,1
BRDA:237,26,1,0
BRDA:283,27,0,3
BRDA:283,27,1,3
BRF:57
BRH:32
end_of_record
TN:
SF:src\services\ReportService.ts
FN:11,(anonymous_0)
FN:15,(anonymous_1)
FN:34,(anonymous_2)
FN:38,(anonymous_3)
FNF:4
FNH:2
FNDA:1,(anonymous_0)
FNDA:0,(anonymous_1)
FNDA:2,(anonymous_2)
FNDA:0,(anonymous_3)
DA:12,1
DA:24,0
DA:35,2
DA:39,0
LF:4
LH:2
BRDA:29,0,0,0
BRDA:29,0,1,0
BRF:2
BRH:0
end_of_record
TN:
SF:src\services\ReportServiceHttp.ts
FN:4,(anonymous_0)
FN:19,(anonymous_1)
FN:25,(anonymous_2)
FN:27,(anonymous_3)
FNF:4
FNH:0
FNDA:0,(anonymous_0)
FNDA:0,(anonymous_1)
FNDA:0,(anonymous_2)
FNDA:0,(anonymous_3)
DA:10,0
DA:15,0
DA:16,0
DA:20,0
DA:21,0
DA:22,0
DA:26,0
DA:27,0
LF:8
LH:0
BRDA:15,0,0,0
BRDA:15,0,1,0
BRDA:21,1,0,0
BRDA:21,1,1,0
BRDA:27,2,0,0
BRDA:27,2,1,0
BRF:6
BRH:0
end_of_record
TN:
SF:src\services\ReportServiceHybrid.ts
FN:16,(anonymous_0)
FN:21,(anonymous_1)
FN:34,(anonymous_2)
FNF:3
FNH:2
FNDA:2,(anonymous_0)
FNDA:2,(anonymous_1)
FNDA:0,(anonymous_2)
DA:17,2
DA:18,2
DA:27,2
DA:28,2
DA:30,1
DA:35,0
DA:36,0
DA:38,0
LF:8
LH:5
BRF:0
BRH:0
end_of_record
